2020-01-08 16:21:01.893 [restartedMain] INFO  cc.fyp.toy.init.Application - Starting Application on von-charlesdeMacBook-Pro.local with PID 37877 (/Users/von/data/myproject/projects/mytoy/mytoy-web/target/classes started by von in /Users/von/data/myproject/projects/mytoy)
2020-01-08 16:21:01.896 [restartedMain] INFO  cc.fyp.toy.init.Application - No active profile set, falling back to default profiles: default
2020-01-08 16:21:01.999 [background-preinit] INFO  org.hibernate.validator.internal.util.Version - HV000001: Hibernate Validator 5.3.6.Final
2020-01-08 16:21:02.021 [restartedMain] INFO  o.s.b.c.e.AnnotationConfigEmbeddedWebApplicationContext - Refreshing org.springframework.boot.context.embedded.AnnotationConfigEmbeddedWebApplicationContext@19fd7bf5: startup date [Wed Jan 08 16:21:02 CST 2020]; root of context hierarchy
2020-01-08 16:21:03.033 [restartedMain] INFO  o.s.b.c.e.tomcat.TomcatEmbeddedServletContainer - Tomcat initialized with port(s): 9023 (http)
2020-01-08 16:21:03.039 [restartedMain] INFO  org.apache.catalina.core.StandardService - Starting service [Tomcat]
2020-01-08 16:21:03.040 [restartedMain] INFO  org.apache.catalina.core.StandardEngine - Starting Servlet Engine: Apache Tomcat/8.5.23
2020-01-08 16:21:03.198 [localhost-startStop-1] INFO  org.apache.jasper.servlet.TldScanner - At least one JAR was scanned for TLDs yet contained no TLDs. Enable debug logging for this logger for a complete list of JARs that were scanned but no TLDs were found in them. Skipping unneeded JARs during scanning can improve startup time and JSP compilation time.
2020-01-08 16:21:03.200 [localhost-startStop-1] INFO  o.a.c.c.C.[Tomcat].[localhost].[/mytoy] - Initializing Spring embedded WebApplicationContext
2020-01-08 16:21:03.200 [localhost-startStop-1] INFO  org.springframework.web.context.ContextLoader - Root WebApplicationContext: initialization completed in 1179 ms
2020-01-08 16:21:03.326 [localhost-startStop-1] INFO  o.s.boot.web.servlet.ServletRegistrationBean - Mapping servlet: 'dispatcherServlet' to [/]
2020-01-08 16:21:03.329 [localhost-startStop-1] INFO  o.s.boot.web.servlet.FilterRegistrationBean - Mapping filter: 'characterEncodingFilter' to: [/*]
2020-01-08 16:21:03.330 [localhost-startStop-1] INFO  o.s.boot.web.servlet.FilterRegistrationBean - Mapping filter: 'hiddenHttpMethodFilter' to: [/*]
2020-01-08 16:21:03.330 [localhost-startStop-1] INFO  o.s.boot.web.servlet.FilterRegistrationBean - Mapping filter: 'httpPutFormContentFilter' to: [/*]
2020-01-08 16:21:03.330 [localhost-startStop-1] INFO  o.s.boot.web.servlet.FilterRegistrationBean - Mapping filter: 'requestContextFilter' to: [/*]
2020-01-08 16:21:03.403 [restartedMain] INFO  o.s.scheduling.concurrent.ThreadPoolTaskExecutor - Initializing ExecutorService  'taskExecutor'
2020-01-08 16:21:03.692 [restartedMain] INFO  o.s.w.s.m.m.a.RequestMappingHandlerAdapter - Looking for @ControllerAdvice: org.springframework.boot.context.embedded.AnnotationConfigEmbeddedWebApplicationContext@19fd7bf5: startup date [Wed Jan 08 16:21:02 CST 2020]; root of context hierarchy
2020-01-08 16:21:03.749 [restartedMain] INFO  o.s.w.s.m.m.a.RequestMappingHandlerMapping - Mapped "{[/export/show]}" onto public void cc.fyp.bmb.controller.ExportController.showbase(javax.servlet.http.HttpServletRequest,javax.servlet.http.HttpServletResponse)
2020-01-08 16:21:03.751 [restartedMain] INFO  o.s.w.s.m.m.a.RequestMappingHandlerMapping - Mapped "{[/card/order],methods=[GET]}" onto public java.lang.String cc.fyp.toy.controller.EvcardController.order(javax.servlet.http.HttpServletRequest,java.lang.String,java.lang.String)
2020-01-08 16:21:03.752 [restartedMain] INFO  o.s.w.s.m.m.a.RequestMappingHandlerMapping - Mapped "{[/card/login],methods=[GET]}" onto public java.lang.String cc.fyp.toy.controller.EvcardController.login(javax.servlet.http.HttpServletRequest)
2020-01-08 16:21:03.752 [restartedMain] INFO  o.s.w.s.m.m.a.RequestMappingHandlerMapping - Mapped "{[/card/show]}" onto public java.lang.String cc.fyp.toy.controller.EvcardController.showbase(javax.servlet.http.HttpServletRequest,javax.servlet.http.HttpServletResponse)
2020-01-08 16:21:03.752 [restartedMain] INFO  o.s.w.s.m.m.a.RequestMappingHandlerMapping - Mapped "{[/card/process]}" onto public java.lang.String cc.fyp.toy.controller.EvcardController.process(javax.servlet.http.HttpServletRequest,cc.fyp.toy.service.evcard.dto.QueryTask)
2020-01-08 16:21:03.752 [restartedMain] INFO  o.s.w.s.m.m.a.RequestMappingHandlerMapping - Mapped "{[/card/go]}" onto public java.lang.String cc.fyp.toy.controller.EvcardController.go(javax.servlet.http.HttpServletRequest,cc.fyp.toy.service.evcard.dto.QueryDTO)
2020-01-08 16:21:03.752 [restartedMain] INFO  o.s.w.s.m.m.a.RequestMappingHandlerMapping - Mapped "{[/card/cancel]}" onto public java.lang.String cc.fyp.toy.controller.EvcardController.cancel(javax.servlet.http.HttpServletRequest,java.lang.Long)
2020-01-08 16:21:03.754 [restartedMain] INFO  o.s.w.s.m.m.a.RequestMappingHandlerMapping - Mapped "{[/api/getVehicleInfoList],methods=[POST]}" onto public java.lang.String cc.fyp.toy.controller.ProxyApiController.getVehicleInfoList(javax.servlet.http.HttpServletRequest,java.lang.String)
2020-01-08 16:21:03.755 [restartedMain] INFO  o.s.w.s.m.m.a.RequestMappingHandlerMapping - Mapped "{[/forlt/show]}" onto public java.lang.String cc.fyp.toy.controller.ShowController.showbase(javax.servlet.http.HttpServletRequest,javax.servlet.http.HttpServletResponse)
2020-01-08 16:21:03.755 [restartedMain] INFO  o.s.w.s.m.m.a.RequestMappingHandlerMapping - Mapped "{[/tmlf/index]}" onto public org.springframework.web.servlet.ModelAndView cc.fyp.toy.controller.ThymelifeController.index(javax.servlet.http.HttpServletRequest,org.springframework.ui.Model)
2020-01-08 16:21:03.758 [restartedMain] INFO  o.s.w.s.m.m.a.RequestMappingHandlerMapping - Mapped "{[/error]}" onto public org.springframework.http.ResponseEntity<java.util.Map<java.lang.String, java.lang.Object>> org.springframework.boot.autoconfigure.web.BasicErrorController.error(javax.servlet.http.HttpServletRequest)
2020-01-08 16:21:03.758 [restartedMain] INFO  o.s.w.s.m.m.a.RequestMappingHandlerMapping - Mapped "{[/error],produces=[text/html]}" onto public org.springframework.web.servlet.ModelAndView org.springframework.boot.autoconfigure.web.BasicErrorController.errorHtml(javax.servlet.http.HttpServletRequest,javax.servlet.http.HttpServletResponse)
2020-01-08 16:21:03.792 [restartedMain] INFO  o.s.web.servlet.handler.SimpleUrlHandlerMapping - Mapped URL path [/webjars/**] onto handler of type [class org.springframework.web.servlet.resource.ResourceHttpRequestHandler]
2020-01-08 16:21:03.792 [restartedMain] INFO  o.s.web.servlet.handler.SimpleUrlHandlerMapping - Mapped URL path [/**] onto handler of type [class org.springframework.web.servlet.resource.ResourceHttpRequestHandler]
2020-01-08 16:21:03.826 [restartedMain] INFO  o.s.web.servlet.handler.SimpleUrlHandlerMapping - Mapped URL path [/**/favicon.ico] onto handler of type [class org.springframework.web.servlet.resource.ResourceHttpRequestHandler]
2020-01-08 16:21:04.147 [restartedMain] INFO  o.s.b.d.autoconfigure.OptionalLiveReloadServer - LiveReload server is running on port 35729
2020-01-08 16:21:04.253 [restartedMain] INFO  o.s.w.s.server.standard.ServerEndpointExporter - Registering @ServerEndpoint class: class cc.fyp.toy.controller.WebSocket
2020-01-08 16:21:04.258 [restartedMain] INFO  o.s.jmx.export.annotation.AnnotationMBeanExporter - Registering beans for JMX exposure on startup
2020-01-08 16:21:04.271 [restartedMain] INFO  org.apache.coyote.http11.Http11NioProtocol - Initializing ProtocolHandler ["http-nio-9023"]
2020-01-08 16:21:04.277 [restartedMain] INFO  org.apache.coyote.http11.Http11NioProtocol - Starting ProtocolHandler ["http-nio-9023"]
2020-01-08 16:21:04.295 [restartedMain] INFO  org.apache.tomcat.util.net.NioSelectorPool - Using a shared selector for servlet write/read
2020-01-08 16:21:04.311 [restartedMain] INFO  o.s.b.c.e.tomcat.TomcatEmbeddedServletContainer - Tomcat started on port(s): 9023 (http)
2020-01-08 16:21:04.316 [restartedMain] INFO  cc.fyp.toy.init.Application - Started Application in 2.58 seconds (JVM running for 3.392)
2020-01-08 16:21:10.492 [http-nio-9023-exec-1] INFO  o.a.c.c.C.[Tomcat].[localhost].[/mytoy] - Initializing Spring FrameworkServlet 'dispatcherServlet'
2020-01-08 16:21:10.493 [http-nio-9023-exec-1] INFO  org.springframework.web.servlet.DispatcherServlet - FrameworkServlet 'dispatcherServlet': initialization started
2020-01-08 16:21:10.509 [http-nio-9023-exec-1] INFO  org.springframework.web.servlet.DispatcherServlet - FrameworkServlet 'dispatcherServlet': initialization completed in 16 ms
2020-01-08 16:30:26.031 [Thread-13] INFO  o.s.b.c.e.AnnotationConfigEmbeddedWebApplicationContext - Closing org.springframework.boot.context.embedded.AnnotationConfigEmbeddedWebApplicationContext@19fd7bf5: startup date [Wed Jan 08 16:21:02 CST 2020]; root of context hierarchy
2020-01-08 16:30:26.033 [Thread-13] INFO  o.s.jmx.export.annotation.AnnotationMBeanExporter - Unregistering JMX-exposed beans on shutdown
2020-01-08 16:30:26.033 [Thread-13] INFO  o.s.scheduling.concurrent.ThreadPoolTaskExecutor - Shutting down ExecutorService 'taskExecutor'
2020-01-08 16:30:37.111 [restartedMain] INFO  cc.fyp.toy.init.Application - Starting Application on von-charlesdeMacBook-Pro.local with PID 37925 (/Users/von/data/myproject/projects/mytoy/mytoy-web/target/classes started by von in /Users/von/data/myproject/projects/mytoy)
2020-01-08 16:30:37.113 [restartedMain] INFO  cc.fyp.toy.init.Application - No active profile set, falling back to default profiles: default
2020-01-08 16:30:37.220 [background-preinit] INFO  org.hibernate.validator.internal.util.Version - HV000001: Hibernate Validator 5.3.6.Final
2020-01-08 16:30:37.250 [restartedMain] INFO  o.s.b.c.e.AnnotationConfigEmbeddedWebApplicationContext - Refreshing org.springframework.boot.context.embedded.AnnotationConfigEmbeddedWebApplicationContext@19fd7bf5: startup date [Wed Jan 08 16:30:37 CST 2020]; root of context hierarchy
2020-01-08 16:30:38.297 [restartedMain] INFO  o.s.b.c.e.tomcat.TomcatEmbeddedServletContainer - Tomcat initialized with port(s): 9023 (http)
2020-01-08 16:30:38.304 [restartedMain] INFO  org.apache.catalina.core.StandardService - Starting service [Tomcat]
2020-01-08 16:30:38.304 [restartedMain] INFO  org.apache.catalina.core.StandardEngine - Starting Servlet Engine: Apache Tomcat/8.5.23
2020-01-08 16:30:38.452 [localhost-startStop-1] INFO  org.apache.jasper.servlet.TldScanner - At least one JAR was scanned for TLDs yet contained no TLDs. Enable debug logging for this logger for a complete list of JARs that were scanned but no TLDs were found in them. Skipping unneeded JARs during scanning can improve startup time and JSP compilation time.
2020-01-08 16:30:38.454 [localhost-startStop-1] INFO  o.a.c.c.C.[Tomcat].[localhost].[/mytoy] - Initializing Spring embedded WebApplicationContext
2020-01-08 16:30:38.454 [localhost-startStop-1] INFO  org.springframework.web.context.ContextLoader - Root WebApplicationContext: initialization completed in 1204 ms
2020-01-08 16:30:38.570 [localhost-startStop-1] INFO  o.s.boot.web.servlet.ServletRegistrationBean - Mapping servlet: 'dispatcherServlet' to [/]
2020-01-08 16:30:38.573 [localhost-startStop-1] INFO  o.s.boot.web.servlet.FilterRegistrationBean - Mapping filter: 'characterEncodingFilter' to: [/*]
2020-01-08 16:30:38.574 [localhost-startStop-1] INFO  o.s.boot.web.servlet.FilterRegistrationBean - Mapping filter: 'hiddenHttpMethodFilter' to: [/*]
2020-01-08 16:30:38.574 [localhost-startStop-1] INFO  o.s.boot.web.servlet.FilterRegistrationBean - Mapping filter: 'httpPutFormContentFilter' to: [/*]
2020-01-08 16:30:38.574 [localhost-startStop-1] INFO  o.s.boot.web.servlet.FilterRegistrationBean - Mapping filter: 'requestContextFilter' to: [/*]
2020-01-08 16:30:38.631 [restartedMain] INFO  o.s.scheduling.concurrent.ThreadPoolTaskExecutor - Initializing ExecutorService  'taskExecutor'
2020-01-08 16:30:38.890 [restartedMain] INFO  o.s.w.s.m.m.a.RequestMappingHandlerAdapter - Looking for @ControllerAdvice: org.springframework.boot.context.embedded.AnnotationConfigEmbeddedWebApplicationContext@19fd7bf5: startup date [Wed Jan 08 16:30:37 CST 2020]; root of context hierarchy
2020-01-08 16:30:38.937 [restartedMain] INFO  o.s.w.s.m.m.a.RequestMappingHandlerMapping - Mapped "{[/export/show]}" onto public void cc.fyp.bmb.controller.ExportController.showbase(javax.servlet.http.HttpServletRequest,javax.servlet.http.HttpServletResponse)
2020-01-08 16:30:38.939 [restartedMain] INFO  o.s.w.s.m.m.a.RequestMappingHandlerMapping - Mapped "{[/card/order],methods=[GET]}" onto public java.lang.String cc.fyp.toy.controller.EvcardController.order(javax.servlet.http.HttpServletRequest,java.lang.String,java.lang.String)
2020-01-08 16:30:38.940 [restartedMain] INFO  o.s.w.s.m.m.a.RequestMappingHandlerMapping - Mapped "{[/card/login],methods=[GET]}" onto public java.lang.String cc.fyp.toy.controller.EvcardController.login(javax.servlet.http.HttpServletRequest)
2020-01-08 16:30:38.940 [restartedMain] INFO  o.s.w.s.m.m.a.RequestMappingHandlerMapping - Mapped "{[/card/show]}" onto public java.lang.String cc.fyp.toy.controller.EvcardController.showbase(javax.servlet.http.HttpServletRequest,javax.servlet.http.HttpServletResponse)
2020-01-08 16:30:38.940 [restartedMain] INFO  o.s.w.s.m.m.a.RequestMappingHandlerMapping - Mapped "{[/card/go]}" onto public java.lang.String cc.fyp.toy.controller.EvcardController.go(javax.servlet.http.HttpServletRequest,cc.fyp.toy.service.evcard.dto.QueryDTO)
2020-01-08 16:30:38.940 [restartedMain] INFO  o.s.w.s.m.m.a.RequestMappingHandlerMapping - Mapped "{[/card/process]}" onto public java.lang.String cc.fyp.toy.controller.EvcardController.process(javax.servlet.http.HttpServletRequest,cc.fyp.toy.service.evcard.dto.QueryTask)
2020-01-08 16:30:38.941 [restartedMain] INFO  o.s.w.s.m.m.a.RequestMappingHandlerMapping - Mapped "{[/card/cancel]}" onto public java.lang.String cc.fyp.toy.controller.EvcardController.cancel(javax.servlet.http.HttpServletRequest,java.lang.Long)
2020-01-08 16:30:38.942 [restartedMain] INFO  o.s.w.s.m.m.a.RequestMappingHandlerMapping - Mapped "{[/api/getVehicleInfoList],methods=[POST]}" onto public java.lang.String cc.fyp.toy.controller.ProxyApiController.getVehicleInfoList(javax.servlet.http.HttpServletRequest,java.lang.String)
2020-01-08 16:30:38.943 [restartedMain] INFO  o.s.w.s.m.m.a.RequestMappingHandlerMapping - Mapped "{[/forlt/show]}" onto public java.lang.String cc.fyp.toy.controller.ShowController.showbase(javax.servlet.http.HttpServletRequest,javax.servlet.http.HttpServletResponse)
2020-01-08 16:30:38.943 [restartedMain] INFO  o.s.w.s.m.m.a.RequestMappingHandlerMapping - Mapped "{[/tmlf/index]}" onto public org.springframework.web.servlet.ModelAndView cc.fyp.toy.controller.ThymelifeController.index(javax.servlet.http.HttpServletRequest,org.springframework.ui.Model)
2020-01-08 16:30:38.946 [restartedMain] INFO  o.s.w.s.m.m.a.RequestMappingHandlerMapping - Mapped "{[/error]}" onto public org.springframework.http.ResponseEntity<java.util.Map<java.lang.String, java.lang.Object>> org.springframework.boot.autoconfigure.web.BasicErrorController.error(javax.servlet.http.HttpServletRequest)
2020-01-08 16:30:38.946 [restartedMain] INFO  o.s.w.s.m.m.a.RequestMappingHandlerMapping - Mapped "{[/error],produces=[text/html]}" onto public org.springframework.web.servlet.ModelAndView org.springframework.boot.autoconfigure.web.BasicErrorController.errorHtml(javax.servlet.http.HttpServletRequest,javax.servlet.http.HttpServletResponse)
2020-01-08 16:30:38.980 [restartedMain] INFO  o.s.web.servlet.handler.SimpleUrlHandlerMapping - Mapped URL path [/webjars/**] onto handler of type [class org.springframework.web.servlet.resource.ResourceHttpRequestHandler]
2020-01-08 16:30:38.980 [restartedMain] INFO  o.s.web.servlet.handler.SimpleUrlHandlerMapping - Mapped URL path [/**] onto handler of type [class org.springframework.web.servlet.resource.ResourceHttpRequestHandler]
2020-01-08 16:30:39.018 [restartedMain] INFO  o.s.web.servlet.handler.SimpleUrlHandlerMapping - Mapped URL path [/**/favicon.ico] onto handler of type [class org.springframework.web.servlet.resource.ResourceHttpRequestHandler]
2020-01-08 16:30:39.330 [restartedMain] INFO  o.s.b.d.autoconfigure.OptionalLiveReloadServer - LiveReload server is running on port 35729
2020-01-08 16:30:39.411 [restartedMain] INFO  o.s.w.s.server.standard.ServerEndpointExporter - Registering @ServerEndpoint class: class cc.fyp.toy.controller.WebSocket
2020-01-08 16:30:39.416 [restartedMain] INFO  o.s.jmx.export.annotation.AnnotationMBeanExporter - Registering beans for JMX exposure on startup
2020-01-08 16:30:39.425 [restartedMain] INFO  org.apache.coyote.http11.Http11NioProtocol - Initializing ProtocolHandler ["http-nio-9023"]
2020-01-08 16:30:39.430 [restartedMain] INFO  org.apache.coyote.http11.Http11NioProtocol - Starting ProtocolHandler ["http-nio-9023"]
2020-01-08 16:30:39.444 [restartedMain] INFO  org.apache.tomcat.util.net.NioSelectorPool - Using a shared selector for servlet write/read
2020-01-08 16:30:39.457 [restartedMain] INFO  o.s.b.c.e.tomcat.TomcatEmbeddedServletContainer - Tomcat started on port(s): 9023 (http)
2020-01-08 16:30:39.461 [restartedMain] INFO  cc.fyp.toy.init.Application - Started Application in 2.525 seconds (JVM running for 3.201)
2020-01-08 16:30:46.567 [http-nio-9023-exec-1] INFO  o.a.c.c.C.[Tomcat].[localhost].[/mytoy] - Initializing Spring FrameworkServlet 'dispatcherServlet'
2020-01-08 16:30:46.567 [http-nio-9023-exec-1] INFO  org.springframework.web.servlet.DispatcherServlet - FrameworkServlet 'dispatcherServlet': initialization started
2020-01-08 16:30:46.585 [http-nio-9023-exec-1] INFO  org.springframework.web.servlet.DispatcherServlet - FrameworkServlet 'dispatcherServlet': initialization completed in 18 ms
2020-01-08 16:43:20.811 [Thread-13] INFO  o.s.b.c.e.AnnotationConfigEmbeddedWebApplicationContext - Closing org.springframework.boot.context.embedded.AnnotationConfigEmbeddedWebApplicationContext@19fd7bf5: startup date [Wed Jan 08 16:30:37 CST 2020]; root of context hierarchy
2020-01-08 16:43:20.814 [Thread-13] INFO  o.s.jmx.export.annotation.AnnotationMBeanExporter - Unregistering JMX-exposed beans on shutdown
2020-01-08 16:43:20.815 [Thread-13] INFO  o.s.scheduling.concurrent.ThreadPoolTaskExecutor - Shutting down ExecutorService 'taskExecutor'
2020-01-08 16:43:24.889 [restartedMain] INFO  cc.fyp.toy.init.Application - Starting Application on von-charlesdeMacBook-Pro.local with PID 37985 (/Users/von/data/myproject/projects/mytoy/mytoy-web/target/classes started by von in /Users/von/data/myproject/projects/mytoy)
2020-01-08 16:43:24.892 [restartedMain] INFO  cc.fyp.toy.init.Application - No active profile set, falling back to default profiles: default
2020-01-08 16:43:25.015 [background-preinit] INFO  org.hibernate.validator.internal.util.Version - HV000001: Hibernate Validator 5.3.6.Final
2020-01-08 16:43:25.045 [restartedMain] INFO  o.s.b.c.e.AnnotationConfigEmbeddedWebApplicationContext - Refreshing org.springframework.boot.context.embedded.AnnotationConfigEmbeddedWebApplicationContext@441cda6c: startup date [Wed Jan 08 16:43:25 CST 2020]; root of context hierarchy
2020-01-08 16:43:26.080 [restartedMain] INFO  o.s.b.c.e.tomcat.TomcatEmbeddedServletContainer - Tomcat initialized with port(s): 9023 (http)
2020-01-08 16:43:26.086 [restartedMain] INFO  org.apache.catalina.core.StandardService - Starting service [Tomcat]
2020-01-08 16:43:26.087 [restartedMain] INFO  org.apache.catalina.core.StandardEngine - Starting Servlet Engine: Apache Tomcat/8.5.23
2020-01-08 16:43:26.226 [localhost-startStop-1] INFO  org.apache.jasper.servlet.TldScanner - At least one JAR was scanned for TLDs yet contained no TLDs. Enable debug logging for this logger for a complete list of JARs that were scanned but no TLDs were found in them. Skipping unneeded JARs during scanning can improve startup time and JSP compilation time.
2020-01-08 16:43:26.227 [localhost-startStop-1] INFO  o.a.c.c.C.[Tomcat].[localhost].[/mytoy] - Initializing Spring embedded WebApplicationContext
2020-01-08 16:43:26.228 [localhost-startStop-1] INFO  org.springframework.web.context.ContextLoader - Root WebApplicationContext: initialization completed in 1183 ms
2020-01-08 16:43:26.323 [localhost-startStop-1] INFO  o.s.boot.web.servlet.ServletRegistrationBean - Mapping servlet: 'dispatcherServlet' to [/]
2020-01-08 16:43:26.325 [localhost-startStop-1] INFO  o.s.boot.web.servlet.FilterRegistrationBean - Mapping filter: 'characterEncodingFilter' to: [/*]
2020-01-08 16:43:26.326 [localhost-startStop-1] INFO  o.s.boot.web.servlet.FilterRegistrationBean - Mapping filter: 'hiddenHttpMethodFilter' to: [/*]
2020-01-08 16:43:26.326 [localhost-startStop-1] INFO  o.s.boot.web.servlet.FilterRegistrationBean - Mapping filter: 'httpPutFormContentFilter' to: [/*]
2020-01-08 16:43:26.326 [localhost-startStop-1] INFO  o.s.boot.web.servlet.FilterRegistrationBean - Mapping filter: 'requestContextFilter' to: [/*]
2020-01-08 16:43:26.387 [restartedMain] INFO  o.s.scheduling.concurrent.ThreadPoolTaskExecutor - Initializing ExecutorService  'taskExecutor'
2020-01-08 16:43:26.631 [restartedMain] INFO  o.s.w.s.m.m.a.RequestMappingHandlerAdapter - Looking for @ControllerAdvice: org.springframework.boot.context.embedded.AnnotationConfigEmbeddedWebApplicationContext@441cda6c: startup date [Wed Jan 08 16:43:25 CST 2020]; root of context hierarchy
2020-01-08 16:43:26.672 [restartedMain] INFO  o.s.w.s.m.m.a.RequestMappingHandlerMapping - Mapped "{[/export/show]}" onto public void cc.fyp.bmb.controller.ExportController.showbase(javax.servlet.http.HttpServletRequest,javax.servlet.http.HttpServletResponse)
2020-01-08 16:43:26.674 [restartedMain] INFO  o.s.w.s.m.m.a.RequestMappingHandlerMapping - Mapped "{[/card/order],methods=[GET]}" onto public java.lang.String cc.fyp.toy.controller.EvcardController.order(javax.servlet.http.HttpServletRequest,java.lang.String,java.lang.String)
2020-01-08 16:43:26.674 [restartedMain] INFO  o.s.w.s.m.m.a.RequestMappingHandlerMapping - Mapped "{[/card/go]}" onto public java.lang.String cc.fyp.toy.controller.EvcardController.go(javax.servlet.http.HttpServletRequest,cc.fyp.toy.service.evcard.dto.QueryDTO)
2020-01-08 16:43:26.674 [restartedMain] INFO  o.s.w.s.m.m.a.RequestMappingHandlerMapping - Mapped "{[/card/show]}" onto public java.lang.String cc.fyp.toy.controller.EvcardController.showbase(javax.servlet.http.HttpServletRequest,javax.servlet.http.HttpServletResponse)
2020-01-08 16:43:26.674 [restartedMain] INFO  o.s.w.s.m.m.a.RequestMappingHandlerMapping - Mapped "{[/card/login],methods=[GET]}" onto public java.lang.String cc.fyp.toy.controller.EvcardController.login(javax.servlet.http.HttpServletRequest)
2020-01-08 16:43:26.674 [restartedMain] INFO  o.s.w.s.m.m.a.RequestMappingHandlerMapping - Mapped "{[/card/cancel]}" onto public java.lang.String cc.fyp.toy.controller.EvcardController.cancel(javax.servlet.http.HttpServletRequest,java.lang.Long)
2020-01-08 16:43:26.675 [restartedMain] INFO  o.s.w.s.m.m.a.RequestMappingHandlerMapping - Mapped "{[/card/process]}" onto public java.lang.String cc.fyp.toy.controller.EvcardController.process(javax.servlet.http.HttpServletRequest,cc.fyp.toy.service.evcard.dto.QueryTask)
2020-01-08 16:43:26.676 [restartedMain] INFO  o.s.w.s.m.m.a.RequestMappingHandlerMapping - Mapped "{[/api/getVehicleInfoList],methods=[POST]}" onto public java.lang.String cc.fyp.toy.controller.ProxyApiController.getVehicleInfoList(javax.servlet.http.HttpServletRequest,java.lang.String)
2020-01-08 16:43:26.677 [restartedMain] INFO  o.s.w.s.m.m.a.RequestMappingHandlerMapping - Mapped "{[/forlt/show]}" onto public java.lang.String cc.fyp.toy.controller.ShowController.showbase(javax.servlet.http.HttpServletRequest,javax.servlet.http.HttpServletResponse)
2020-01-08 16:43:26.677 [restartedMain] INFO  o.s.w.s.m.m.a.RequestMappingHandlerMapping - Mapped "{[/tmlf/index]}" onto public org.springframework.web.servlet.ModelAndView cc.fyp.toy.controller.ThymelifeController.index(javax.servlet.http.HttpServletRequest,org.springframework.ui.Model)
2020-01-08 16:43:26.680 [restartedMain] INFO  o.s.w.s.m.m.a.RequestMappingHandlerMapping - Mapped "{[/error]}" onto public org.springframework.http.ResponseEntity<java.util.Map<java.lang.String, java.lang.Object>> org.springframework.boot.autoconfigure.web.BasicErrorController.error(javax.servlet.http.HttpServletRequest)
2020-01-08 16:43:26.680 [restartedMain] INFO  o.s.w.s.m.m.a.RequestMappingHandlerMapping - Mapped "{[/error],produces=[text/html]}" onto public org.springframework.web.servlet.ModelAndView org.springframework.boot.autoconfigure.web.BasicErrorController.errorHtml(javax.servlet.http.HttpServletRequest,javax.servlet.http.HttpServletResponse)
2020-01-08 16:43:26.709 [restartedMain] INFO  o.s.web.servlet.handler.SimpleUrlHandlerMapping - Mapped URL path [/webjars/**] onto handler of type [class org.springframework.web.servlet.resource.ResourceHttpRequestHandler]
2020-01-08 16:43:26.709 [restartedMain] INFO  o.s.web.servlet.handler.SimpleUrlHandlerMapping - Mapped URL path [/**] onto handler of type [class org.springframework.web.servlet.resource.ResourceHttpRequestHandler]
2020-01-08 16:43:26.737 [restartedMain] INFO  o.s.web.servlet.handler.SimpleUrlHandlerMapping - Mapped URL path [/**/favicon.ico] onto handler of type [class org.springframework.web.servlet.resource.ResourceHttpRequestHandler]
2020-01-08 16:43:27.034 [restartedMain] INFO  o.s.b.d.autoconfigure.OptionalLiveReloadServer - LiveReload server is running on port 35729
2020-01-08 16:43:27.115 [restartedMain] INFO  o.s.w.s.server.standard.ServerEndpointExporter - Registering @ServerEndpoint class: class cc.fyp.toy.controller.WebSocket
2020-01-08 16:43:27.120 [restartedMain] INFO  o.s.jmx.export.annotation.AnnotationMBeanExporter - Registering beans for JMX exposure on startup
2020-01-08 16:43:27.130 [restartedMain] INFO  org.apache.coyote.http11.Http11NioProtocol - Initializing ProtocolHandler ["http-nio-9023"]
2020-01-08 16:43:27.134 [restartedMain] INFO  org.apache.coyote.http11.Http11NioProtocol - Starting ProtocolHandler ["http-nio-9023"]
2020-01-08 16:43:27.148 [restartedMain] INFO  org.apache.tomcat.util.net.NioSelectorPool - Using a shared selector for servlet write/read
2020-01-08 16:43:27.163 [restartedMain] INFO  o.s.b.c.e.tomcat.TomcatEmbeddedServletContainer - Tomcat started on port(s): 9023 (http)
2020-01-08 16:43:27.166 [restartedMain] INFO  cc.fyp.toy.init.Application - Started Application in 2.427 seconds (JVM running for 3.123)
2020-01-08 16:43:31.592 [http-nio-9023-exec-1] INFO  o.a.c.c.C.[Tomcat].[localhost].[/mytoy] - Initializing Spring FrameworkServlet 'dispatcherServlet'
2020-01-08 16:43:31.592 [http-nio-9023-exec-1] INFO  org.springframework.web.servlet.DispatcherServlet - FrameworkServlet 'dispatcherServlet': initialization started
2020-01-08 16:43:31.610 [http-nio-9023-exec-1] INFO  org.springframework.web.servlet.DispatcherServlet - FrameworkServlet 'dispatcherServlet': initialization completed in 18 ms
2020-01-08 16:46:16.736 [Thread-13] INFO  o.s.b.c.e.AnnotationConfigEmbeddedWebApplicationContext - Closing org.springframework.boot.context.embedded.AnnotationConfigEmbeddedWebApplicationContext@441cda6c: startup date [Wed Jan 08 16:43:25 CST 2020]; root of context hierarchy
2020-01-08 16:46:16.738 [Thread-13] INFO  o.s.jmx.export.annotation.AnnotationMBeanExporter - Unregistering JMX-exposed beans on shutdown
2020-01-08 16:46:16.738 [Thread-13] INFO  o.s.scheduling.concurrent.ThreadPoolTaskExecutor - Shutting down ExecutorService 'taskExecutor'
